Release 12.4 Map M.81d (nt64)
Xilinx Mapping Report File for Design 'ece453_top_level'

Design Information
------------------
Command Line   : map -intstyle ise -p xc4vlx80-ff1148-12 -global_opt off -cm
area -ir off -pr b -c 100 -o ece453_top_level_map.ncd ece453_top_level.ngd
ece453_top_level.pcf 
Target Device  : xc4vlx80
Target Package : ff1148
Target Speed   : -12
Mapper Version : virtex4 -- $Revision: 1.52.76.2 $
Mapped Date    : Sat Apr 21 16:21:25 2012

Design Summary
--------------
Number of errors   : 121
Number of warnings :   0

Section 1 - Errors
------------------
ERROR:MapLib:30 - LOC constraint J23 on ACC_PORT_PIN<10> is invalid: No such
   site on the device. To bypass this error set the environment variable
   'XIL_MAP_LOCWARN'.
ERROR:MapLib:30 - LOC constraint K23 on ACC_PORT_PIN<11> is invalid: No such
   site on the device. To bypass this error set the environment variable
   'XIL_MAP_LOCWARN'.
ERROR:MapLib:30 - LOC constraint L22 on ACC_PORT_PIN<14> is invalid: No such
   site on the device. To bypass this error set the environment variable
   'XIL_MAP_LOCWARN'.
ERROR:MapLib:30 - LOC constraint M24 on ACC_PORT_PIN<15> is invalid: No such
   site on the device. To bypass this error set the environment variable
   'XIL_MAP_LOCWARN'.
ERROR:MapLib:30 - LOC constraint L23 on ACC_PORT_PIN<16> is invalid: No such
   site on the device. To bypass this error set the environment variable
   'XIL_MAP_LOCWARN'.
ERROR:MapLib:30 - LOC constraint M22 on ACC_PORT_PIN<17> is invalid: No such
   site on the device. To bypass this error set the environment variable
   'XIL_MAP_LOCWARN'.
ERROR:MapLib:30 - LOC constraint N24 on ACC_PORT_PIN<18> is invalid: No such
   site on the device. To bypass this error set the environment variable
   'XIL_MAP_LOCWARN'.
ERROR:MapLib:30 - LOC constraint C26 on ACC_PORT_PIN<24> is invalid: No such
   site on the device. To bypass this error set the environment variable
   'XIL_MAP_LOCWARN'.
ERROR:MapLib:30 - LOC constraint E25 on ACC_PORT_PIN<26> is invalid: No such
   site on the device. To bypass this error set the environment variable
   'XIL_MAP_LOCWARN'.
ERROR:MapLib:30 - LOC constraint G26 on ACC_PORT_PIN<32> is invalid: No such
   site on the device. To bypass this error set the environment variable
   'XIL_MAP_LOCWARN'.
ERROR:MapLib:30 - LOC constraint H26 on ACC_PORT_PIN<33> is invalid: No such
   site on the device. To bypass this error set the environment variable
   'XIL_MAP_LOCWARN'.
ERROR:MapLib:30 - LOC constraint K25 on ACC_PORT_PIN<36> is invalid: No such
   site on the device. To bypass this error set the environment variable
   'XIL_MAP_LOCWARN'.
ERROR:MapLib:30 - LOC constraint N26 on ACC_PORT_PIN<41> is invalid: No such
   site on the device. To bypass this error set the environment variable
   'XIL_MAP_LOCWARN'.
ERROR:MapLib:30 - LOC constraint Y10 on DIP_SW<2> is invalid: No such site on
   the device. To bypass this error set the environment variable
   'XIL_MAP_LOCWARN'.
ERROR:MapLib:30 - LOC constraint W13 on DIP_SW<7> is invalid: No such site on
   the device. To bypass this error set the environment variable
   'XIL_MAP_LOCWARN'.
ERROR:MapLib:30 - LOC constraint K7 on FLASH_ADDR<12> is invalid: No such site
   on the device. To bypass this error set the environment variable
   'XIL_MAP_LOCWARN'.
ERROR:MapLib:30 - LOC constraint L7 on FLASH_ADDR<13> is invalid: No such site
   on the device. To bypass this error set the environment variable
   'XIL_MAP_LOCWARN'.
ERROR:MapLib:30 - LOC constraint J3 on FLASH_ADDR<19> is invalid: No such site
   on the device. To bypass this error set the environment variable
   'XIL_MAP_LOCWARN'.
ERROR:MapLib:30 - LOC constraint K5 on FLASH_ADDR<5> is invalid: No such site on
   the device. To bypass this error set the environment variable
   'XIL_MAP_LOCWARN'.
ERROR:MapLib:30 - LOC constraint L2 on FLASH_ADDR<6> is invalid: No such site on
   the device. To bypass this error set the environment variable
   'XIL_MAP_LOCWARN'.
ERROR:MapLib:30 - LOC constraint H6 on FLASH_ADDR<9> is invalid: No such site on
   the device. To bypass this error set the environment variable
   'XIL_MAP_LOCWARN'.
ERROR:MapLib:30 - LOC constraint F2 on FLASH_DATA<11> is invalid: No such site
   on the device. To bypass this error set the environment variable
   'XIL_MAP_LOCWARN'.
ERROR:MapLib:30 - LOC constraint H1 on FLASH_DATA<2> is invalid: No such site on
   the device. To bypass this error set the environment variable
   'XIL_MAP_LOCWARN'.
ERROR:MapLib:30 - LOC constraint G4 on FLASH_DATA<7> is invalid: No such site on
   the device. To bypass this error set the environment variable
   'XIL_MAP_LOCWARN'.
ERROR:MapLib:30 - LOC constraint L21 on LCD_DATA<0> is invalid: No such site on
   the device. To bypass this error set the environment variable
   'XIL_MAP_LOCWARN'.
ERROR:MapLib:30 - LOC constraint K21 on LCD_DATA<1> is invalid: No such site on
   the device. To bypass this error set the environment variable
   'XIL_MAP_LOCWARN'.
ERROR:MapLib:30 - LOC constraint K22 on LCD_DATA<2> is invalid: No such site on
   the device. To bypass this error set the environment variable
   'XIL_MAP_LOCWARN'.
ERROR:MapLib:30 - LOC constraint J22 on LCD_DATA<3> is invalid: No such site on
   the device. To bypass this error set the environment variable
   'XIL_MAP_LOCWARN'.
ERROR:MapLib:30 - LOC constraint M21 on LCD_E is invalid: No such site on the
   device. To bypass this error set the environment variable 'XIL_MAP_LOCWARN'.
ERROR:MapLib:30 - LOC constraint N21 on LCD_RW is invalid: No such site on the
   device. To bypass this error set the environment variable 'XIL_MAP_LOCWARN'.
ERROR:MapLib:30 - LOC constraint AB7 on LED<0> is invalid: No such site on the
   device. To bypass this error set the environment variable 'XIL_MAP_LOCWARN'.
ERROR:MapLib:30 - LOC constraint AB9 on LED<2> is invalid: No such site on the
   device. To bypass this error set the environment variable 'XIL_MAP_LOCWARN'.
ERROR:MapLib:30 - LOC constraint AA10 on LED<4> is invalid: No such site on the
   device. To bypass this error set the environment variable 'XIL_MAP_LOCWARN'.
ERROR:MapLib:30 - LOC constraint AD12 on LED<6> is invalid: No such site on the
   device. To bypass this error set the environment variable 'XIL_MAP_LOCWARN'.
ERROR:MapLib:30 - LOC constraint AA19 on MZA_DIR16 is invalid: No such site on
   the device. To bypass this error set the environment variable
   'XIL_MAP_LOCWARN'.
ERROR:MapLib:30 - LOC constraint AE24 on MZA_DIR8 is invalid: No such site on
   the device. To bypass this error set the environment variable
   'XIL_MAP_LOCWARN'.
ERROR:MapLib:30 - LOC constraint Y19 on MZA_OE16 is invalid: No such site on the
   device. To bypass this error set the environment variable 'XIL_MAP_LOCWARN'.
ERROR:MapLib:30 - LOC constraint AB19 on MZA_OE24 is invalid: No such site on
   the device. To bypass this error set the environment variable
   'XIL_MAP_LOCWARN'.
ERROR:MapLib:30 - LOC constraint AD25 on MZA_OE8 is invalid: No such site on the
   device. To bypass this error set the environment variable 'XIL_MAP_LOCWARN'.
ERROR:MapLib:30 - LOC constraint AF22 on MZA_PIO<11> is invalid: No such site on
   the device. To bypass this error set the environment variable
   'XIL_MAP_LOCWARN'.
ERROR:MapLib:30 - LOC constraint AE22 on MZA_PIO<12> is invalid: No such site on
   the device. To bypass this error set the environment variable
   'XIL_MAP_LOCWARN'.
ERROR:MapLib:30 - LOC constraint AF23 on MZA_PIO<13> is invalid: No such site on
   the device. To bypass this error set the environment variable
   'XIL_MAP_LOCWARN'.
ERROR:MapLib:30 - LOC constraint AE23 on MZA_PIO<14> is invalid: No such site on
   the device. To bypass this error set the environment variable
   'XIL_MAP_LOCWARN'.
ERROR:MapLib:30 - LOC constraint AB20 on MZA_PIO<16> is invalid: No such site on
   the device. To bypass this error set the environment variable
   'XIL_MAP_LOCWARN'.
ERROR:MapLib:30 - LOC constraint AA20 on MZA_PIO<17> is invalid: No such site on
   the device. To bypass this error set the environment variable
   'XIL_MAP_LOCWARN'.
ERROR:MapLib:30 - LOC constraint W15 on MZA_PIO<18> is invalid: No such site on
   the device. To bypass this error set the environment variable
   'XIL_MAP_LOCWARN'.
ERROR:MapLib:30 - LOC constraint W16 on MZA_PIO<19> is invalid: No such site on
   the device. To bypass this error set the environment variable
   'XIL_MAP_LOCWARN'.
ERROR:MapLib:30 - LOC constraint AE15 on MZA_PIO<1> is invalid: No such site on
   the device. To bypass this error set the environment variable
   'XIL_MAP_LOCWARN'.
ERROR:MapLib:30 - LOC constraint Y17 on MZA_PIO<21> is invalid: No such site on
   the device. To bypass this error set the environment variable
   'XIL_MAP_LOCWARN'.
ERROR:MapLib:30 - LOC constraint Y18 on MZA_PIO<22> is invalid: No such site on
   the device. To bypass this error set the environment variable
   'XIL_MAP_LOCWARN'.
ERROR:MapLib:30 - LOC constraint AA18 on MZA_PIO<23> is invalid: No such site on
   the device. To bypass this error set the environment variable
   'XIL_MAP_LOCWARN'.
ERROR:MapLib:30 - LOC constraint AC22 on MZA_PIO<24> is invalid: No such site on
   the device. To bypass this error set the environment variable
   'XIL_MAP_LOCWARN'.
ERROR:MapLib:30 - LOC constraint AD23 on MZA_PIO<25> is invalid: No such site on
   the device. To bypass this error set the environment variable
   'XIL_MAP_LOCWARN'.
ERROR:MapLib:30 - LOC constraint AB21 on MZA_PIO<26> is invalid: No such site on
   the device. To bypass this error set the environment variable
   'XIL_MAP_LOCWARN'.
ERROR:MapLib:30 - LOC constraint AA16 on MZA_PIO<29> is invalid: No such site on
   the device. To bypass this error set the environment variable
   'XIL_MAP_LOCWARN'.
ERROR:MapLib:30 - LOC constraint AA17 on MZA_PIO<30> is invalid: No such site on
   the device. To bypass this error set the environment variable
   'XIL_MAP_LOCWARN'.
ERROR:MapLib:30 - LOC constraint AD22 on MZA_PIO<32> is invalid: No such site on
   the device. To bypass this error set the environment variable
   'XIL_MAP_LOCWARN'.
ERROR:MapLib:30 - LOC constraint AC21 on MZA_PIO<33> is invalid: No such site on
   the device. To bypass this error set the environment variable
   'XIL_MAP_LOCWARN'.
ERROR:MapLib:30 - LOC constraint AC20 on MZA_PIO<35> is invalid: No such site on
   the device. To bypass this error set the environment variable
   'XIL_MAP_LOCWARN'.
ERROR:MapLib:30 - LOC constraint AC18 on MZA_PIO<38> is invalid: No such site on
   the device. To bypass this error set the environment variable
   'XIL_MAP_LOCWARN'.
ERROR:MapLib:30 - LOC constraint AD18 on MZA_PIO<39> is invalid: No such site on
   the device. To bypass this error set the environment variable
   'XIL_MAP_LOCWARN'.
ERROR:MapLib:30 - LOC constraint AC16 on MZA_PIO<40> is invalid: No such site on
   the device. To bypass this error set the environment variable
   'XIL_MAP_LOCWARN'.
ERROR:MapLib:30 - LOC constraint AD15 on MZA_PIO<42> is invalid: No such site on
   the device. To bypass this error set the environment variable
   'XIL_MAP_LOCWARN'.
ERROR:MapLib:30 - LOC constraint AB14 on MZA_PIO<44> is invalid: No such site on
   the device. To bypass this error set the environment variable
   'XIL_MAP_LOCWARN'.
ERROR:MapLib:30 - LOC constraint AC11 on MZA_PIO<45> is invalid: No such site on
   the device. To bypass this error set the environment variable
   'XIL_MAP_LOCWARN'.
ERROR:MapLib:30 - LOC constraint AA7 on MZA_PIO<49> is invalid: No such site on
   the device. To bypass this error set the environment variable
   'XIL_MAP_LOCWARN'.
ERROR:MapLib:30 - LOC constraint AF17 on MZA_PIO<4> is invalid: No such site on
   the device. To bypass this error set the environment variable
   'XIL_MAP_LOCWARN'.
ERROR:MapLib:30 - LOC constraint AE12 on MZA_PIO<52> is invalid: No such site on
   the device. To bypass this error set the environment variable
   'XIL_MAP_LOCWARN'.
ERROR:MapLib:30 - LOC constraint AF12 on MZA_PIO<53> is invalid: No such site on
   the device. To bypass this error set the environment variable
   'XIL_MAP_LOCWARN'.
ERROR:MapLib:30 - LOC constraint AE10 on MZA_PIO<56> is invalid: No such site on
   the device. To bypass this error set the environment variable
   'XIL_MAP_LOCWARN'.
ERROR:MapLib:30 - LOC constraint AF7 on MZA_PIO<62> is invalid: No such site on
   the device. To bypass this error set the environment variable
   'XIL_MAP_LOCWARN'.
ERROR:MapLib:30 - LOC constraint AE5 on MZA_PIO<65> is invalid: No such site on
   the device. To bypass this error set the environment variable
   'XIL_MAP_LOCWARN'.
ERROR:MapLib:30 - LOC constraint AF19 on MZA_PIO<7> is invalid: No such site on
   the device. To bypass this error set the environment variable
   'XIL_MAP_LOCWARN'.
ERROR:MapLib:30 - LOC constraint AE20 on MZA_PIO<8> is invalid: No such site on
   the device. To bypass this error set the environment variable
   'XIL_MAP_LOCWARN'.
ERROR:MapLib:30 - LOC constraint A12 on MZB_D<0> is invalid: No such site on the
   device. To bypass this error set the environment variable 'XIL_MAP_LOCWARN'.
ERROR:MapLib:30 - LOC constraint D13 on MZB_D<17> is invalid: No such site on
   the device. To bypass this error set the environment variable
   'XIL_MAP_LOCWARN'.
ERROR:MapLib:30 - LOC constraint D8 on MZB_D<28> is invalid: No such site on the
   device. To bypass this error set the environment variable 'XIL_MAP_LOCWARN'.
ERROR:MapLib:30 - LOC constraint C6 on MZB_D<30> is invalid: No such site on the
   device. To bypass this error set the environment variable 'XIL_MAP_LOCWARN'.
ERROR:MapLib:30 - LOC constraint B9 on MZB_D<6> is invalid: No such site on the
   device. To bypass this error set the environment variable 'XIL_MAP_LOCWARN'.
ERROR:MapLib:30 - LOC constraint A7 on MZB_D<9> is invalid: No such site on the
   device. To bypass this error set the environment variable 'XIL_MAP_LOCWARN'.
ERROR:MapLib:30 - LOC constraint AF13 on PB<1> is invalid: No such site on the
   device. To bypass this error set the environment variable 'XIL_MAP_LOCWARN'.
ERROR:MapLib:30 - LOC constraint AA21 on PB<2> is invalid: No such site on the
   device. To bypass this error set the environment variable 'XIL_MAP_LOCWARN'.
ERROR:MapLib:30 - LOC constraint AB24 on PB<3> is invalid: No such site on the
   device. To bypass this error set the environment variable 'XIL_MAP_LOCWARN'.
ERROR:MapLib:30 - LOC constraint AA22 on PB<4> is invalid: No such site on the
   device. To bypass this error set the environment variable 'XIL_MAP_LOCWARN'.
ERROR:MapLib:30 - LOC constraint N8 on PS2_KEYB_CLK is invalid: No such site on
   the device. To bypass this error set the environment variable
   'XIL_MAP_LOCWARN'.
ERROR:MapLib:30 - LOC constraint N1 on RS232_CTS is invalid: No such site on the
   device. To bypass this error set the environment variable 'XIL_MAP_LOCWARN'.
ERROR:MapLib:30 - LOC constraint L20 on SPI_SCK is invalid: No such site on the
   device. To bypass this error set the environment variable 'XIL_MAP_LOCWARN'.
ERROR:MapLib:30 - LOC constraint H21 on SPI_SS is invalid: No such site on the
   device. To bypass this error set the environment variable 'XIL_MAP_LOCWARN'.
ERROR:MapLib:30 - LOC constraint AC1 on VD_NPWRDWN is invalid: No such site on
   the device. To bypass this error set the environment variable
   'XIL_MAP_LOCWARN'.
ERROR:MapLib:30 - LOC constraint AA2 on VE_DATA<3> is invalid: No such site on
   the device. To bypass this error set the environment variable
   'XIL_MAP_LOCWARN'.
ERROR:MapLib:30 - LOC constraint Y5 on VE_FIELD_VSYNC is invalid: No such site
   on the device. To bypass this error set the environment variable
   'XIL_MAP_LOCWARN'.
ERROR:MapLib:30 - LOC constraint U4 on VGA_B<4> is invalid: No such site on the
   device. To bypass this error set the environment variable 'XIL_MAP_LOCWARN'.
ERROR:MapLib:30 - LOC constraint T7 on VGA_G<7> is invalid: No such site on the
   device. To bypass this error set the environment variable 'XIL_MAP_LOCWARN'.
ERROR:MapLib:30 - LOC constraint R5 on VGA_PSAVE is invalid: No such site on the
   device. To bypass this error set the environment variable 'XIL_MAP_LOCWARN'.
ERROR:MapLib:30 - LOC constraint P8 on VGA_R<0> is invalid: No such site on the
   device. To bypass this error set the environment variable 'XIL_MAP_LOCWARN'.
ERROR:MapLib:30 - LOC constraint T2 on VGA_R<5> is invalid: No such site on the
   device. To bypass this error set the environment variable 'XIL_MAP_LOCWARN'.
ERROR:MapLib:30 - LOC constraint V6 on VGA_SYNC is invalid: No such site on the
   device. To bypass this error set the environment variable 'XIL_MAP_LOCWARN'.
ERROR:MapLib:30 - LOC constraint G19 on MZB_CPLD_RS5_B is invalid: No such site
   on the device. To bypass this error set the environment variable
   'XIL_MAP_LOCWARN'.
ERROR:MapLib:30 - LOC constraint B14 on FPGA_CLK_BANK_1 is invalid: No such site
   on the device. To bypass this error set the environment variable
   'XIL_MAP_LOCWARN'.
ERROR:MapLib:30 - LOC constraint AD13 on FPGA_CLK_BANK_5 is invalid: No such
   site on the device. To bypass this error set the environment variable
   'XIL_MAP_LOCWARN'.
ERROR:MapLib:30 - LOC constraint AB11 on SYS_RST_N is invalid: No such site on
   the device. To bypass this error set the environment variable
   'XIL_MAP_LOCWARN'.
ERROR:MapLib:30 - LOC constraint AE13 on VE_CLK is invalid: No such site on the
   device. To bypass this error set the environment variable 'XIL_MAP_LOCWARN'.
ERROR:MapLib:30 - LOC constraint W3 on VE_CLAMP is invalid: No such site on the
   device. To bypass this error set the environment variable 'XIL_MAP_LOCWARN'.
ERROR:MapLib:30 - LOC constraint B4 on MZB_CPLD_BE2_B is invalid: No such site
   on the device. To bypass this error set the environment variable
   'XIL_MAP_LOCWARN'.
ERROR:MapLib:30 - LOC constraint F19 on MZB_CPLD_CS0_B is invalid: No such site
   on the device. To bypass this error set the environment variable
   'XIL_MAP_LOCWARN'.
ERROR:MapLib:30 - LOC constraint E5 on MZB_CPLD_BE3_B is invalid: No such site
   on the device. To bypass this error set the environment variable
   'XIL_MAP_LOCWARN'.
ERROR:MapLib:30 - LOC constraint H16 on MZB_CPLD_AS is invalid: No such site on
   the device. To bypass this error set the environment variable
   'XIL_MAP_LOCWARN'.
ERROR:MapLib:30 - LOC constraint AD8 on VD_INTRQ is invalid: No such site on the
   device. To bypass this error set the environment variable 'XIL_MAP_LOCWARN'.
ERROR:MapLib:30 - LOC constraint E20 on MZB_CPLD_CS1_B is invalid: No such site
   on the device. To bypass this error set the environment variable
   'XIL_MAP_LOCWARN'.
ERROR:MapLib:30 - LOC constraint AE14 on SYS_CLK is invalid: No such site on the
   device. To bypass this error set the environment variable 'XIL_MAP_LOCWARN'.
ERROR:MapLib:30 - LOC constraint AC6 on VD_DATA_DEC<6> is invalid: No such site
   on the device. To bypass this error set the environment variable
   'XIL_MAP_LOCWARN'.
ERROR:MapLib:30 - LOC constraint AB4 on VD_DATA_DEC<2> is invalid: No such site
   on the device. To bypass this error set the environment variable
   'XIL_MAP_LOCWARN'.
ERROR:MapLib:30 - LOC constraint H11 on MZB_A<22> is invalid: No such site on
   the device. To bypass this error set the environment variable
   'XIL_MAP_LOCWARN'.
ERROR:MapLib:30 - LOC constraint G9 on MZB_A<19> is invalid: No such site on the
   device. To bypass this error set the environment variable 'XIL_MAP_LOCWARN'.
ERROR:MapLib:30 - LOC constraint F9 on MZB_A<18> is invalid: No such site on the
   device. To bypass this error set the environment variable 'XIL_MAP_LOCWARN'.
ERROR:MapLib:30 - LOC constraint F7 on MZB_A<15> is invalid: No such site on the
   device. To bypass this error set the environment variable 'XIL_MAP_LOCWARN'.
ERROR:MapLib:30 - LOC constraint E10 on MZB_A<11> is invalid: No such site on
   the device. To bypass this error set the environment variable
   'XIL_MAP_LOCWARN'.
ERROR:MapLib:30 - LOC constraint F12 on MZB_A<8> is invalid: No such site on the
   device. To bypass this error set the environment variable 'XIL_MAP_LOCWARN'.
ERROR:MapLib:30 - LOC constraint G14 on MZB_A<4> is invalid: No such site on the
   device. To bypass this error set the environment variable 'XIL_MAP_LOCWARN'.
ERROR:MapLib:30 - LOC constraint F15 on MZB_A<3> is invalid: No such site on the
   device. To bypass this error set the environment variable 'XIL_MAP_LOCWARN'.
ERROR:MapLib:30 - LOC constraint F17 on MZB_A<1> is invalid: No such site on the
   device. To bypass this error set the environment variable 'XIL_MAP_LOCWARN'.

Section 2 - Warnings
--------------------

Section 3 - Informational
-------------------------
INFO:LIT:243 - Logical network SPI_MISO_IBUF has no load.
INFO:LIT:395 - The above info message is repeated 75 more times for the
   following (max. 5 shown):
   MZB_CPLD_RESET_OUT_IBUF,
   MZB_CPLD_RS5_B_IBUF,
   MZB_CPLD_OE_B_IBUF,
   MZB_CPLD_CS2_B_IBUF,
   VD_HS_IBUF
   To see the details of these info messages, please use the -detail switch.
INFO:MapLib:562 - No environment variables are currently set.

Section 4 - Removed Logic Summary
---------------------------------

Section 5 - Removed Logic
-------------------------
