Added Component: Designator=AR1(OPAMP)
Added Component: Designator=AR2(OPAMP)
Added Component: Designator=AR3(OPAMP)
Added Component: Designator=AR4(OPAMP)
Added Component: Designator=ASel(SOT23-3M)
Added Component: Designator=BSel(SOT23-3M)
Added Component: Designator=C1(CAPC2012M)
Added Component: Designator=C2(TC3216-1206)
Added Component: Designator=CSel(SOT23-3M)
Added Component: Designator=DSel(SOT23-3M)
Added Component: Designator=ESel(SOT23-3M)
Added Component: Designator=FSel(SOT23-3M)
Added Component: Designator=GSel(SOT23-3M)
Added Component: Designator=JI(HDR1X5)
Added Component: Designator=L1(INDC2012M)
Added Component: Designator=L3Sel(SOT23-3M)
Added Component: Designator=L4Sel(SOT23-3M)
Added Component: Designator=L5Sel(SOT23-3M)
Added Component: Designator=PIC18F2682(DIP28)
Added Component: Designator=PJ(BARREL JACK)
Added Component: Designator=PLED1(HDR2X25)
Added Component: Designator=PLED2SENP(HDR2X25)
Added Component: Designator=PPIC1(HDR1X14)
Added Component: Designator=PPIC2(HDR1X14)
Added Component: Designator=PSENS(HDR2X7)
Added Component: Designator=R1(RESC2012M)
Added Component: Designator=R2(RESC2012M)
Added Component: Designator=R3Sel(SOT23-3M)
Added Component: Designator=R3(RESC2012M)
Added Component: Designator=R4Sel(SOT23-3M)
Added Component: Designator=R4(RESC2012M)
Added Component: Designator=R5Sel(SOT23-3M)
Added Component: Designator=R5(RESC2012M)
Added Component: Designator=R6(RESC2012M)
Added Component: Designator=Rf1(RESC2012M)
Added Component: Designator=Rf2(RESC2012M)
Added Component: Designator=Rf3(RESC2012M)
Added Component: Designator=Rf4(RESC2012M)
Added Component: Designator=Rf5(RESC2012M)
Added Component: Designator=Rf6(RESC2012M)
Added Component: Designator=Rf7(RESC2012M)
Added Component: Designator=Rg1(RESC2012M)
Added Component: Designator=Rg2(RESC2012M)
Added Component: Designator=Rg3(RESC2012M)
Added Component: Designator=Rg4(RESC2012M)
Added Component: Designator=Rg5(RESC2012M)
Added Component: Designator=Rg6(RESC2012M)
Added Component: Designator=Rg7(RESC2012M)
Added Pin To Net: NetName=AIN Pin=AR3-3
Added Pin To Net: NetName=AIN Pin=PIC18F2682-25
Added Net: Name=AIN
Added Pin To Net: NetName=AOUT Pin=AR3-7
Added Pin To Net: NetName=AOUT Pin=PPIC2-4
Added Pin To Net: NetName=AOUT Pin=Rf7-1
Added Net: Name=AOUT
Added Pin To Net: NetName=BIN Pin=AR3-5
Added Pin To Net: NetName=BIN Pin=PIC18F2682-22
Added Net: Name=BIN
Added Pin To Net: NetName=BOUT Pin=AR3-1
Added Pin To Net: NetName=BOUT Pin=PPIC2-7
Added Pin To Net: NetName=BOUT Pin=Rf3-2
Added Net: Name=BOUT
Added Pin To Net: NetName=CIN Pin=AR1-5
Added Pin To Net: NetName=CIN Pin=PPIC1-13
Added Net: Name=CIN
Added Pin To Net: NetName=COUT Pin=AR1-7
Added Pin To Net: NetName=COUT Pin=PIC18F2682-2
Added Pin To Net: NetName=COUT Pin=Rf5-1
Added Net: Name=COUT
Added Pin To Net: NetName=DIN Pin=AR1-3
Added Pin To Net: NetName=DIN Pin=PPIC1-12
Added Net: Name=DIN
Added Pin To Net: NetName=DOUT Pin=AR1-1
Added Pin To Net: NetName=DOUT Pin=PIC18F2682-3
Added Pin To Net: NetName=DOUT Pin=Rf1-2
Added Net: Name=DOUT
Added Pin To Net: NetName=EIN Pin=AR2-5
Added Pin To Net: NetName=EIN Pin=PPIC1-11
Added Net: Name=EIN
Added Pin To Net: NetName=EOUT Pin=AR2-7
Added Pin To Net: NetName=EOUT Pin=PIC18F2682-4
Added Pin To Net: NetName=EOUT Pin=Rf6-1
Added Net: Name=EOUT
Added Pin To Net: NetName=FIN Pin=AR2-3
Added Pin To Net: NetName=FIN Pin=PPIC1-10
Added Net: Name=FIN
Added Pin To Net: NetName=FOUT Pin=AR2-1
Added Pin To Net: NetName=FOUT Pin=PIC18F2682-5
Added Pin To Net: NetName=FOUT Pin=Rf2-2
Added Net: Name=FOUT
Added Pin To Net: NetName=GIN Pin=AR4-3
Added Pin To Net: NetName=GIN Pin=PPIC1-8
Added Net: Name=GIN
Added Pin To Net: NetName=GND Pin=AR1-4
Added Pin To Net: NetName=GND Pin=AR2-4
Added Pin To Net: NetName=GND Pin=AR3-4
Added Pin To Net: NetName=GND Pin=AR4-4
Added Pin To Net: NetName=GND Pin=C1-1
Added Pin To Net: NetName=GND Pin=C2-2
Added Pin To Net: NetName=GND Pin=JI-5
Added Pin To Net: NetName=GND Pin=L3Sel-3
Added Pin To Net: NetName=GND Pin=L4Sel-3
Added Pin To Net: NetName=GND Pin=L5Sel-3
Added Pin To Net: NetName=GND Pin=PIC18F2682-8
Added Pin To Net: NetName=GND Pin=PIC18F2682-19
Added Pin To Net: NetName=GND Pin=PJ-2
Added Pin To Net: NetName=GND Pin=PJ-3
Added Pin To Net: NetName=GND Pin=PPIC1-7
Added Pin To Net: NetName=GND Pin=PPIC2-10
Added Pin To Net: NetName=GND Pin=PSENS-2
Added Pin To Net: NetName=GND Pin=PSENS-4
Added Pin To Net: NetName=GND Pin=PSENS-6
Added Pin To Net: NetName=GND Pin=PSENS-8
Added Pin To Net: NetName=GND Pin=PSENS-10
Added Pin To Net: NetName=GND Pin=PSENS-12
Added Pin To Net: NetName=GND Pin=PSENS-14
Added Pin To Net: NetName=GND Pin=R3Sel-3
Added Pin To Net: NetName=GND Pin=R4Sel-3
Added Pin To Net: NetName=GND Pin=R5Sel-3
Added Pin To Net: NetName=GND Pin=Rg1-1
Added Pin To Net: NetName=GND Pin=Rg2-2
Added Pin To Net: NetName=GND Pin=Rg3-1
Added Pin To Net: NetName=GND Pin=Rg4-1
Added Pin To Net: NetName=GND Pin=Rg5-1
Added Pin To Net: NetName=GND Pin=Rg6-1
Added Pin To Net: NetName=GND Pin=Rg7-1
Added Net: Name=GND
Added Pin To Net: NetName=GOUT Pin=AR4-1
Added Pin To Net: NetName=GOUT Pin=PIC18F2682-7
Added Pin To Net: NetName=GOUT Pin=Rf4-2
Added Net: Name=GOUT
Added Pin To Net: NetName=NetAR1_2 Pin=AR1-2
Added Pin To Net: NetName=NetAR1_2 Pin=Rf1-1
Added Pin To Net: NetName=NetAR1_2 Pin=Rg1-2
Added Net: Name=NetAR1_2
Added Pin To Net: NetName=NetAR1_6 Pin=AR1-6
Added Pin To Net: NetName=NetAR1_6 Pin=Rf5-2
Added Pin To Net: NetName=NetAR1_6 Pin=Rg5-2
Added Net: Name=NetAR1_6
Added Pin To Net: NetName=NetAR2_2 Pin=AR2-2
Added Pin To Net: NetName=NetAR2_2 Pin=Rf2-1
Added Pin To Net: NetName=NetAR2_2 Pin=Rg2-1
Added Net: Name=NetAR2_2
Added Pin To Net: NetName=NetAR2_6 Pin=AR2-6
Added Pin To Net: NetName=NetAR2_6 Pin=Rf6-2
Added Pin To Net: NetName=NetAR2_6 Pin=Rg6-2
Added Net: Name=NetAR2_6
Added Pin To Net: NetName=NetAR3_2 Pin=AR3-2
Added Pin To Net: NetName=NetAR3_2 Pin=Rf3-1
Added Pin To Net: NetName=NetAR3_2 Pin=Rg3-2
Added Net: Name=NetAR3_2
Added Pin To Net: NetName=NetAR3_6 Pin=AR3-6
Added Pin To Net: NetName=NetAR3_6 Pin=Rf7-2
Added Pin To Net: NetName=NetAR3_6 Pin=Rg7-2
Added Net: Name=NetAR3_6
Added Pin To Net: NetName=NetAR4_2 Pin=AR4-2
Added Pin To Net: NetName=NetAR4_2 Pin=Rf4-1
Added Pin To Net: NetName=NetAR4_2 Pin=Rg4-2
Added Net: Name=NetAR4_2
Added Pin To Net: NetName=NetASel_1 Pin=ASel-1
Added Pin To Net: NetName=NetASel_1 Pin=PIC18F2682-13
Added Pin To Net: NetName=NetASel_1 Pin=PPIC1-2
Added Net: Name=NetASel_1
Added Pin To Net: NetName=NetASel_2 Pin=ASel-2
Added Pin To Net: NetName=NetASel_2 Pin=PLED2SENP-14
Added Pin To Net: NetName=NetASel_2 Pin=PLED2SENP-16
Added Pin To Net: NetName=NetASel_2 Pin=PLED2SENP-18
Added Pin To Net: NetName=NetASel_2 Pin=PLED2SENP-20
Added Pin To Net: NetName=NetASel_2 Pin=PLED2SENP-22
Added Pin To Net: NetName=NetASel_2 Pin=PLED2SENP-24
Added Net: Name=NetASel_2
Added Pin To Net: NetName=NetBSel_1 Pin=BSel-1
Added Pin To Net: NetName=NetBSel_1 Pin=PIC18F2682-14
Added Pin To Net: NetName=NetBSel_1 Pin=PPIC1-1
Added Net: Name=NetBSel_1
Added Pin To Net: NetName=NetBSel_2 Pin=BSel-2
Added Pin To Net: NetName=NetBSel_2 Pin=PLED2SENP-26
Added Pin To Net: NetName=NetBSel_2 Pin=PLED2SENP-28
Added Pin To Net: NetName=NetBSel_2 Pin=PLED2SENP-30
Added Pin To Net: NetName=NetBSel_2 Pin=PLED2SENP-32
Added Pin To Net: NetName=NetBSel_2 Pin=PLED2SENP-34
Added Pin To Net: NetName=NetBSel_2 Pin=PLED2SENP-36
Added Net: Name=NetBSel_2
Added Pin To Net: NetName=NetCSel_1 Pin=CSel-1
Added Pin To Net: NetName=NetCSel_1 Pin=PIC18F2682-6
Added Pin To Net: NetName=NetCSel_1 Pin=PPIC1-9
Added Net: Name=NetCSel_1
Added Pin To Net: NetName=NetCSel_2 Pin=CSel-2
Added Pin To Net: NetName=NetCSel_2 Pin=PLED1-4
Added Pin To Net: NetName=NetCSel_2 Pin=PLED1-6
Added Pin To Net: NetName=NetCSel_2 Pin=PLED1-8
Added Pin To Net: NetName=NetCSel_2 Pin=PLED1-10
Added Pin To Net: NetName=NetCSel_2 Pin=PLED1-12
Added Pin To Net: NetName=NetCSel_2 Pin=PLED1-14
Added Net: Name=NetCSel_2
Added Pin To Net: NetName=NetDSel_1 Pin=DSel-1
Added Pin To Net: NetName=NetDSel_1 Pin=PIC18F2682-10
Added Pin To Net: NetName=NetDSel_1 Pin=PPIC1-5
Added Net: Name=NetDSel_1
Added Pin To Net: NetName=NetDSel_2 Pin=DSel-2
Added Pin To Net: NetName=NetDSel_2 Pin=PLED1-16
Added Pin To Net: NetName=NetDSel_2 Pin=PLED1-18
Added Pin To Net: NetName=NetDSel_2 Pin=PLED1-20
Added Pin To Net: NetName=NetDSel_2 Pin=PLED1-22
Added Pin To Net: NetName=NetDSel_2 Pin=PLED1-24
Added Pin To Net: NetName=NetDSel_2 Pin=PLED1-26
Added Net: Name=NetDSel_2
Added Pin To Net: NetName=NetESel_1 Pin=ESel-1
Added Pin To Net: NetName=NetESel_1 Pin=PIC18F2682-11
Added Pin To Net: NetName=NetESel_1 Pin=PPIC1-4
Added Net: Name=NetESel_1
Added Pin To Net: NetName=NetESel_2 Pin=ESel-2
Added Pin To Net: NetName=NetESel_2 Pin=PLED1-28
Added Pin To Net: NetName=NetESel_2 Pin=PLED1-30
Added Pin To Net: NetName=NetESel_2 Pin=PLED1-32
Added Pin To Net: NetName=NetESel_2 Pin=PLED1-34
Added Pin To Net: NetName=NetESel_2 Pin=PLED1-36
Added Pin To Net: NetName=NetESel_2 Pin=PLED1-38
Added Net: Name=NetESel_2
Added Pin To Net: NetName=NetFSel_1 Pin=FSel-1
Added Pin To Net: NetName=NetFSel_1 Pin=PIC18F2682-12
Added Pin To Net: NetName=NetFSel_1 Pin=PPIC1-3
Added Net: Name=NetFSel_1
Added Pin To Net: NetName=NetFSel_2 Pin=FSel-2
Added Pin To Net: NetName=NetFSel_2 Pin=PLED1-40
Added Pin To Net: NetName=NetFSel_2 Pin=PLED1-42
Added Pin To Net: NetName=NetFSel_2 Pin=PLED1-44
Added Pin To Net: NetName=NetFSel_2 Pin=PLED1-46
Added Pin To Net: NetName=NetFSel_2 Pin=PLED1-48
Added Pin To Net: NetName=NetFSel_2 Pin=PLED1-50
Added Net: Name=NetFSel_2
Added Pin To Net: NetName=NetGSel_1 Pin=GSel-1
Added Pin To Net: NetName=NetGSel_1 Pin=JI-3
Added Pin To Net: NetName=NetGSel_1 Pin=PIC18F2682-28
Added Pin To Net: NetName=NetGSel_1 Pin=PPIC2-1
Added Net: Name=NetGSel_1
Added Pin To Net: NetName=NetGSel_2 Pin=GSel-2
Added Pin To Net: NetName=NetGSel_2 Pin=PLED2SENP-2
Added Pin To Net: NetName=NetGSel_2 Pin=PLED2SENP-4
Added Pin To Net: NetName=NetGSel_2 Pin=PLED2SENP-6
Added Pin To Net: NetName=NetGSel_2 Pin=PLED2SENP-8
Added Pin To Net: NetName=NetGSel_2 Pin=PLED2SENP-10
Added Pin To Net: NetName=NetGSel_2 Pin=PLED2SENP-12
Added Net: Name=NetGSel_2
Added Pin To Net: NetName=NetJI_2 Pin=JI-2
Added Pin To Net: NetName=NetJI_2 Pin=PIC18F2682-1
Added Pin To Net: NetName=NetJI_2 Pin=PPIC1-14
Added Net: Name=NetJI_2
Added Pin To Net: NetName=NetJI_4 Pin=JI-4
Added Pin To Net: NetName=NetJI_4 Pin=PIC18F2682-27
Added Pin To Net: NetName=NetJI_4 Pin=PPIC2-2
Added Pin To Net: NetName=NetJI_4 Pin=R3Sel-1
Added Net: Name=NetJI_4
Added Pin To Net: NetName=NetL1_1 Pin=L1-1
Added Pin To Net: NetName=NetL1_1 Pin=PSENS-1
Added Pin To Net: NetName=NetL1_1 Pin=PSENS-3
Added Pin To Net: NetName=NetL1_1 Pin=PSENS-5
Added Pin To Net: NetName=NetL1_1 Pin=PSENS-7
Added Pin To Net: NetName=NetL1_1 Pin=PSENS-9
Added Pin To Net: NetName=NetL1_1 Pin=PSENS-11
Added Pin To Net: NetName=NetL1_1 Pin=PSENS-13
Added Net: Name=NetL1_1
Added Pin To Net: NetName=NetL3Sel_1 Pin=L3Sel-1
Added Pin To Net: NetName=NetL3Sel_1 Pin=PIC18F2682-26
Added Pin To Net: NetName=NetL3Sel_1 Pin=PPIC2-3
Added Net: Name=NetL3Sel_1
Added Pin To Net: NetName=NetL3Sel_2 Pin=L3Sel-2
Added Pin To Net: NetName=NetL3Sel_2 Pin=R1-2
Added Net: Name=NetL3Sel_2
Added Pin To Net: NetName=NetL4Sel_1 Pin=L4Sel-1
Added Pin To Net: NetName=NetL4Sel_1 Pin=PIC18F2682-24
Added Pin To Net: NetName=NetL4Sel_1 Pin=PPIC2-5
Added Net: Name=NetL4Sel_1
Added Pin To Net: NetName=NetL4Sel_2 Pin=L4Sel-2
Added Pin To Net: NetName=NetL4Sel_2 Pin=R3-2
Added Net: Name=NetL4Sel_2
Added Pin To Net: NetName=NetL5Sel_1 Pin=L5Sel-1
Added Pin To Net: NetName=NetL5Sel_1 Pin=PIC18F2682-16
Added Pin To Net: NetName=NetL5Sel_1 Pin=PPIC2-13
Added Net: Name=NetL5Sel_1
Added Pin To Net: NetName=NetL5Sel_2 Pin=L5Sel-2
Added Pin To Net: NetName=NetL5Sel_2 Pin=R5-2
Added Net: Name=NetL5Sel_2
Added Pin To Net: NetName=NetPIC18F2682_9 Pin=PIC18F2682-9
Added Pin To Net: NetName=NetPIC18F2682_9 Pin=PPIC1-6
Added Net: Name=NetPIC18F2682_9
Added Pin To Net: NetName=NetPIC18F2682_15 Pin=PIC18F2682-15
Added Pin To Net: NetName=NetPIC18F2682_15 Pin=PPIC2-14
Added Pin To Net: NetName=NetPIC18F2682_15 Pin=R5Sel-1
Added Net: Name=NetPIC18F2682_15
Added Pin To Net: NetName=NetPIC18F2682_17 Pin=PIC18F2682-17
Added Pin To Net: NetName=NetPIC18F2682_17 Pin=PPIC2-12
Added Net: Name=NetPIC18F2682_17
Added Pin To Net: NetName=NetPIC18F2682_18 Pin=PIC18F2682-18
Added Pin To Net: NetName=NetPIC18F2682_18 Pin=PPIC2-11
Added Net: Name=NetPIC18F2682_18
Added Pin To Net: NetName=NetPIC18F2682_21 Pin=PIC18F2682-21
Added Pin To Net: NetName=NetPIC18F2682_21 Pin=PPIC2-8
Added Net: Name=NetPIC18F2682_21
Added Pin To Net: NetName=NetPIC18F2682_23 Pin=PIC18F2682-23
Added Pin To Net: NetName=NetPIC18F2682_23 Pin=PPIC2-6
Added Net: Name=NetPIC18F2682_23
Added Pin To Net: NetName=NetPLED1_3 Pin=PLED1-3
Added Pin To Net: NetName=NetPLED1_3 Pin=PLED1-15
Added Pin To Net: NetName=NetPLED1_3 Pin=PLED1-27
Added Pin To Net: NetName=NetPLED1_3 Pin=PLED1-39
Added Pin To Net: NetName=NetPLED1_3 Pin=PLED2SENP-1
Added Pin To Net: NetName=NetPLED1_3 Pin=PLED2SENP-13
Added Pin To Net: NetName=NetPLED1_3 Pin=PLED2SENP-25
Added Pin To Net: NetName=NetPLED1_3 Pin=R1-1
Added Net: Name=NetPLED1_3
Added Pin To Net: NetName=NetPLED1_5 Pin=PLED1-5
Added Pin To Net: NetName=NetPLED1_5 Pin=PLED1-17
Added Pin To Net: NetName=NetPLED1_5 Pin=PLED1-29
Added Pin To Net: NetName=NetPLED1_5 Pin=PLED1-41
Added Pin To Net: NetName=NetPLED1_5 Pin=PLED2SENP-3
Added Pin To Net: NetName=NetPLED1_5 Pin=PLED2SENP-15
Added Pin To Net: NetName=NetPLED1_5 Pin=PLED2SENP-27
Added Pin To Net: NetName=NetPLED1_5 Pin=R2-1
Added Net: Name=NetPLED1_5
Added Pin To Net: NetName=NetPLED1_7 Pin=PLED1-7
Added Pin To Net: NetName=NetPLED1_7 Pin=PLED1-19
Added Pin To Net: NetName=NetPLED1_7 Pin=PLED1-31
Added Pin To Net: NetName=NetPLED1_7 Pin=PLED1-43
Added Pin To Net: NetName=NetPLED1_7 Pin=PLED2SENP-5
Added Pin To Net: NetName=NetPLED1_7 Pin=PLED2SENP-17
Added Pin To Net: NetName=NetPLED1_7 Pin=PLED2SENP-29
Added Pin To Net: NetName=NetPLED1_7 Pin=R3-1
Added Net: Name=NetPLED1_7
Added Pin To Net: NetName=NetPLED1_9 Pin=PLED1-9
Added Pin To Net: NetName=NetPLED1_9 Pin=PLED1-21
Added Pin To Net: NetName=NetPLED1_9 Pin=PLED1-33
Added Pin To Net: NetName=NetPLED1_9 Pin=PLED1-45
Added Pin To Net: NetName=NetPLED1_9 Pin=PLED2SENP-7
Added Pin To Net: NetName=NetPLED1_9 Pin=PLED2SENP-19
Added Pin To Net: NetName=NetPLED1_9 Pin=PLED2SENP-31
Added Pin To Net: NetName=NetPLED1_9 Pin=R4-1
Added Net: Name=NetPLED1_9
Added Pin To Net: NetName=NetPLED1_11 Pin=PLED1-11
Added Pin To Net: NetName=NetPLED1_11 Pin=PLED1-23
Added Pin To Net: NetName=NetPLED1_11 Pin=PLED1-35
Added Pin To Net: NetName=NetPLED1_11 Pin=PLED1-47
Added Pin To Net: NetName=NetPLED1_11 Pin=PLED2SENP-9
Added Pin To Net: NetName=NetPLED1_11 Pin=PLED2SENP-21
Added Pin To Net: NetName=NetPLED1_11 Pin=PLED2SENP-33
Added Pin To Net: NetName=NetPLED1_11 Pin=R5-1
Added Net: Name=NetPLED1_11
Added Pin To Net: NetName=NetPLED1_13 Pin=PLED1-13
Added Pin To Net: NetName=NetPLED1_13 Pin=PLED1-25
Added Pin To Net: NetName=NetPLED1_13 Pin=PLED1-37
Added Pin To Net: NetName=NetPLED1_13 Pin=PLED1-49
Added Pin To Net: NetName=NetPLED1_13 Pin=PLED2SENP-11
Added Pin To Net: NetName=NetPLED1_13 Pin=PLED2SENP-23
Added Pin To Net: NetName=NetPLED1_13 Pin=PLED2SENP-35
Added Pin To Net: NetName=NetPLED1_13 Pin=R6-1
Added Net: Name=NetPLED1_13
Added Pin To Net: NetName=NetR2_2 Pin=R2-2
Added Pin To Net: NetName=NetR2_2 Pin=R3Sel-2
Added Net: Name=NetR2_2
Added Pin To Net: NetName=NetR4_2 Pin=R4-2
Added Pin To Net: NetName=NetR4_2 Pin=R4Sel-2
Added Net: Name=NetR4_2
Added Pin To Net: NetName=NetR5Sel_2 Pin=R5Sel-2
Added Pin To Net: NetName=NetR5Sel_2 Pin=R6-2
Added Net: Name=NetR5Sel_2
Added Pin To Net: NetName=VCC Pin=AR1-8
Added Pin To Net: NetName=VCC Pin=AR2-8
Added Pin To Net: NetName=VCC Pin=AR3-8
Added Pin To Net: NetName=VCC Pin=AR4-8
Added Pin To Net: NetName=VCC Pin=ASel-3
Added Pin To Net: NetName=VCC Pin=BSel-3
Added Pin To Net: NetName=VCC Pin=C1-2
Added Pin To Net: NetName=VCC Pin=C2-1
Added Pin To Net: NetName=VCC Pin=CSel-3
Added Pin To Net: NetName=VCC Pin=DSel-3
Added Pin To Net: NetName=VCC Pin=ESel-3
Added Pin To Net: NetName=VCC Pin=FSel-3
Added Pin To Net: NetName=VCC Pin=GSel-3
Added Pin To Net: NetName=VCC Pin=JI-1
Added Pin To Net: NetName=VCC Pin=L1-2
Added Pin To Net: NetName=VCC Pin=PIC18F2682-20
Added Pin To Net: NetName=VCC Pin=PJ-1
Added Pin To Net: NetName=VCC Pin=PPIC2-9
Added Net: Name=VCC
Added Class: Name=pcblayout
Added Room: Name=pcblayout
