Added Component: Designator=PJ(BARREL JACK)
Added Component: Designator=PLED1(HDR2X25)
Added Component: Designator=PLED2SENP(HDR2X25)
Added Pin To Net: NetName=VCC Pin=PJ-1
Added Pin To Net: NetName=GND Pin=PJ-2
Added Pin To Net: NetName=GND Pin=PJ-3
Added Pin To Net: NetName=NetPLED1_3 Pin=PLED1-3
Added Pin To Net: NetName=NetCSel_2 Pin=PLED1-4
Added Pin To Net: NetName=NetPLED1_5 Pin=PLED1-5
Added Pin To Net: NetName=NetCSel_2 Pin=PLED1-6
Added Pin To Net: NetName=NetPLED1_7 Pin=PLED1-7
Added Pin To Net: NetName=NetCSel_2 Pin=PLED1-8
Added Pin To Net: NetName=NetPLED1_9 Pin=PLED1-9
Added Pin To Net: NetName=NetCSel_2 Pin=PLED1-10
Added Pin To Net: NetName=NetPLED1_11 Pin=PLED1-11
Added Pin To Net: NetName=NetCSel_2 Pin=PLED1-12
Added Pin To Net: NetName=NetPLED1_13 Pin=PLED1-13
Added Pin To Net: NetName=NetCSel_2 Pin=PLED1-14
Added Pin To Net: NetName=NetPLED1_3 Pin=PLED1-15
Added Pin To Net: NetName=NetDSel_2 Pin=PLED1-16
Added Pin To Net: NetName=NetPLED1_5 Pin=PLED1-17
Added Pin To Net: NetName=NetDSel_2 Pin=PLED1-18
Added Pin To Net: NetName=NetPLED1_7 Pin=PLED1-19
Added Pin To Net: NetName=NetDSel_2 Pin=PLED1-20
Added Pin To Net: NetName=NetPLED1_9 Pin=PLED1-21
Added Pin To Net: NetName=NetDSel_2 Pin=PLED1-22
Added Pin To Net: NetName=NetPLED1_11 Pin=PLED1-23
Added Pin To Net: NetName=NetDSel_2 Pin=PLED1-24
Added Pin To Net: NetName=NetPLED1_13 Pin=PLED1-25
Added Pin To Net: NetName=NetDSel_2 Pin=PLED1-26
Added Pin To Net: NetName=NetPLED1_3 Pin=PLED1-27
Added Pin To Net: NetName=NetESel_2 Pin=PLED1-28
Added Pin To Net: NetName=NetPLED1_5 Pin=PLED1-29
Added Pin To Net: NetName=NetESel_2 Pin=PLED1-30
Added Pin To Net: NetName=NetPLED1_7 Pin=PLED1-31
Added Pin To Net: NetName=NetESel_2 Pin=PLED1-32
Added Pin To Net: NetName=NetPLED1_9 Pin=PLED1-33
Added Pin To Net: NetName=NetESel_2 Pin=PLED1-34
Added Pin To Net: NetName=NetPLED1_11 Pin=PLED1-35
Added Pin To Net: NetName=NetESel_2 Pin=PLED1-36
Added Pin To Net: NetName=NetPLED1_13 Pin=PLED1-37
Added Pin To Net: NetName=NetESel_2 Pin=PLED1-38
Added Pin To Net: NetName=NetPLED1_3 Pin=PLED1-39
Added Pin To Net: NetName=NetFSel_2 Pin=PLED1-40
Added Pin To Net: NetName=NetPLED1_5 Pin=PLED1-41
Added Pin To Net: NetName=NetFSel_2 Pin=PLED1-42
Added Pin To Net: NetName=NetPLED1_7 Pin=PLED1-43
Added Pin To Net: NetName=NetFSel_2 Pin=PLED1-44
Added Pin To Net: NetName=NetPLED1_9 Pin=PLED1-45
Added Pin To Net: NetName=NetFSel_2 Pin=PLED1-46
Added Pin To Net: NetName=NetPLED1_11 Pin=PLED1-47
Added Pin To Net: NetName=NetFSel_2 Pin=PLED1-48
Added Pin To Net: NetName=NetPLED1_13 Pin=PLED1-49
Added Pin To Net: NetName=NetFSel_2 Pin=PLED1-50
Added Pin To Net: NetName=NetPLED1_3 Pin=PLED2SENP-1
Added Pin To Net: NetName=NetGSel_2 Pin=PLED2SENP-2
Added Pin To Net: NetName=NetPLED1_5 Pin=PLED2SENP-3
Added Pin To Net: NetName=NetGSel_2 Pin=PLED2SENP-4
Added Pin To Net: NetName=NetPLED1_7 Pin=PLED2SENP-5
Added Pin To Net: NetName=NetGSel_2 Pin=PLED2SENP-6
Added Pin To Net: NetName=NetPLED1_9 Pin=PLED2SENP-7
Added Pin To Net: NetName=NetGSel_2 Pin=PLED2SENP-8
Added Pin To Net: NetName=NetPLED1_11 Pin=PLED2SENP-9
Added Pin To Net: NetName=NetGSel_2 Pin=PLED2SENP-10
Added Pin To Net: NetName=NetPLED1_13 Pin=PLED2SENP-11
Added Pin To Net: NetName=NetGSel_2 Pin=PLED2SENP-12
Added Pin To Net: NetName=NetPLED1_3 Pin=PLED2SENP-13
Added Pin To Net: NetName=NetASel_2 Pin=PLED2SENP-14
Added Pin To Net: NetName=NetPLED1_5 Pin=PLED2SENP-15
Added Pin To Net: NetName=NetASel_2 Pin=PLED2SENP-16
Added Pin To Net: NetName=NetPLED1_7 Pin=PLED2SENP-17
Added Pin To Net: NetName=NetASel_2 Pin=PLED2SENP-18
Added Pin To Net: NetName=NetPLED1_9 Pin=PLED2SENP-19
Added Pin To Net: NetName=NetASel_2 Pin=PLED2SENP-20
Added Pin To Net: NetName=NetPLED1_11 Pin=PLED2SENP-21
Added Pin To Net: NetName=NetASel_2 Pin=PLED2SENP-22
Added Pin To Net: NetName=NetPLED1_13 Pin=PLED2SENP-23
Added Pin To Net: NetName=NetASel_2 Pin=PLED2SENP-24
Added Pin To Net: NetName=NetPLED1_3 Pin=PLED2SENP-25
Added Pin To Net: NetName=NetBSel_2 Pin=PLED2SENP-26
Added Pin To Net: NetName=NetPLED1_5 Pin=PLED2SENP-27
Added Pin To Net: NetName=NetBSel_2 Pin=PLED2SENP-28
Added Pin To Net: NetName=NetPLED1_7 Pin=PLED2SENP-29
Added Pin To Net: NetName=NetBSel_2 Pin=PLED2SENP-30
Added Pin To Net: NetName=NetPLED1_9 Pin=PLED2SENP-31
Added Pin To Net: NetName=NetBSel_2 Pin=PLED2SENP-32
Added Pin To Net: NetName=NetPLED1_11 Pin=PLED2SENP-33
Added Pin To Net: NetName=NetBSel_2 Pin=PLED2SENP-34
Added Pin To Net: NetName=NetPLED1_13 Pin=PLED2SENP-35
Added Pin To Net: NetName=NetBSel_2 Pin=PLED2SENP-36
Added Member To Class: ClassName=pcblayout Member=Component PJ Power Jack
Added Member To Class: ClassName=pcblayout Member=Component PLED1 50x2 Pin Header, PLED1
Added Member To Class: ClassName=pcblayout Member=Component PLED2SENP 50x2 Pin Header, PLED2SENP
