Added Component: Designator=ASel(SOT23-3M)
Added Component: Designator=BSel(SOT23-3M)
Added Component: Designator=C1(CAPC2012M)
Added Component: Designator=C2(TC3216-1206)
Added Component: Designator=CSel(SOT23-3M)
Added Component: Designator=DSel(SOT23-3M)
Added Component: Designator=ESel(SOT23-3M)
Added Component: Designator=FSel(SOT23-3M)
Added Component: Designator=GSel(SOT23-3M)
Added Component: Designator=JI(HDR1X5)
Added Component: Designator=L1(INDC2012M)
Added Component: Designator=L3Sel(SOT23-3M)
Added Component: Designator=L4Sel(SOT23-3M)
Added Component: Designator=L5Sel(SOT23-3M)
Added Component: Designator=PIC18F2682(DIP28)
Added Component: Designator=PPIC1(HDR1X14)
Added Component: Designator=PPIC2(HDR1X14)
Added Component: Designator=PSENS(HDR2X7)
Added Component: Designator=R1(RESC2012M)
Added Component: Designator=R2(RESC2012M)
Added Component: Designator=R3Sel(SOT23-3M)
Added Component: Designator=R3(RESC2012M)
Added Component: Designator=R4Sel(SOT23-3M)
Added Component: Designator=R4(RESC2012M)
Added Component: Designator=R5Sel(SOT23-3M)
Added Component: Designator=R5(RESC2012M)
Added Component: Designator=R6(RESC2012M)
Added Pin To Net: NetName=GND Pin=C1-1
Added Pin To Net: NetName=GND Pin=C2-2
Added Pin To Net: NetName=GND Pin=JI-5
Added Pin To Net: NetName=GND Pin=L3Sel-3
Added Pin To Net: NetName=GND Pin=L4Sel-3
Added Pin To Net: NetName=GND Pin=L5Sel-3
Added Pin To Net: NetName=GND Pin=PIC18F2682-8
Added Pin To Net: NetName=GND Pin=PIC18F2682-19
Added Pin To Net: NetName=GND Pin=PPIC1-7
Added Pin To Net: NetName=GND Pin=PPIC2-10
Added Pin To Net: NetName=GND Pin=PSENS-2
Added Pin To Net: NetName=GND Pin=PSENS-4
Added Pin To Net: NetName=GND Pin=PSENS-6
Added Pin To Net: NetName=GND Pin=PSENS-8
Added Pin To Net: NetName=GND Pin=PSENS-10
Added Pin To Net: NetName=GND Pin=PSENS-12
Added Pin To Net: NetName=GND Pin=PSENS-14
Added Pin To Net: NetName=GND Pin=R3Sel-3
Added Pin To Net: NetName=GND Pin=R4Sel-3
Added Pin To Net: NetName=GND Pin=R5Sel-3
Added Net: Name=GND
Added Pin To Net: NetName=NetASel_1 Pin=ASel-1
Added Pin To Net: NetName=NetASel_1 Pin=PIC18F2682-13
Added Pin To Net: NetName=NetASel_1 Pin=PPIC1-2
Added Net: Name=NetASel_1
Added Pin To Net: NetName=NetASel_2 Pin=ASel-2
Added Net: Name=NetASel_2
Added Pin To Net: NetName=NetBSel_1 Pin=BSel-1
Added Pin To Net: NetName=NetBSel_1 Pin=PIC18F2682-14
Added Pin To Net: NetName=NetBSel_1 Pin=PPIC1-1
Added Net: Name=NetBSel_1
Added Pin To Net: NetName=NetBSel_2 Pin=BSel-2
Added Net: Name=NetBSel_2
Added Pin To Net: NetName=NetCSel_1 Pin=CSel-1
Added Pin To Net: NetName=NetCSel_1 Pin=PIC18F2682-6
Added Pin To Net: NetName=NetCSel_1 Pin=PPIC1-9
Added Net: Name=NetCSel_1
Added Pin To Net: NetName=NetCSel_2 Pin=CSel-2
Added Net: Name=NetCSel_2
Added Pin To Net: NetName=NetDSel_1 Pin=DSel-1
Added Pin To Net: NetName=NetDSel_1 Pin=PIC18F2682-10
Added Pin To Net: NetName=NetDSel_1 Pin=PPIC1-5
Added Net: Name=NetDSel_1
Added Pin To Net: NetName=NetDSel_2 Pin=DSel-2
Added Net: Name=NetDSel_2
Added Pin To Net: NetName=NetESel_1 Pin=ESel-1
Added Pin To Net: NetName=NetESel_1 Pin=PIC18F2682-11
Added Pin To Net: NetName=NetESel_1 Pin=PPIC1-4
Added Net: Name=NetESel_1
Added Pin To Net: NetName=NetESel_2 Pin=ESel-2
Added Net: Name=NetESel_2
Added Pin To Net: NetName=NetFSel_1 Pin=FSel-1
Added Pin To Net: NetName=NetFSel_1 Pin=PIC18F2682-12
Added Pin To Net: NetName=NetFSel_1 Pin=PPIC1-3
Added Net: Name=NetFSel_1
Added Pin To Net: NetName=NetFSel_2 Pin=FSel-2
Added Net: Name=NetFSel_2
Added Pin To Net: NetName=NetGSel_1 Pin=GSel-1
Added Pin To Net: NetName=NetGSel_1 Pin=JI-3
Added Pin To Net: NetName=NetGSel_1 Pin=L3Sel-1
Added Pin To Net: NetName=NetGSel_1 Pin=PIC18F2682-28
Added Pin To Net: NetName=NetGSel_1 Pin=PPIC2-1
Added Net: Name=NetGSel_1
Added Pin To Net: NetName=NetGSel_2 Pin=GSel-2
Added Net: Name=NetGSel_2
Added Pin To Net: NetName=NetJI_2 Pin=JI-2
Added Pin To Net: NetName=NetJI_2 Pin=PIC18F2682-1
Added Pin To Net: NetName=NetJI_2 Pin=PPIC1-14
Added Net: Name=NetJI_2
Added Pin To Net: NetName=NetJI_4 Pin=JI-4
Added Pin To Net: NetName=NetJI_4 Pin=PIC18F2682-27
Added Pin To Net: NetName=NetJI_4 Pin=PPIC2-2
Added Pin To Net: NetName=NetJI_4 Pin=R3Sel-1
Added Net: Name=NetJI_4
Added Pin To Net: NetName=NetL1_1 Pin=L1-1
Added Pin To Net: NetName=NetL1_1 Pin=PSENS-1
Added Pin To Net: NetName=NetL1_1 Pin=PSENS-3
Added Pin To Net: NetName=NetL1_1 Pin=PSENS-5
Added Pin To Net: NetName=NetL1_1 Pin=PSENS-7
Added Pin To Net: NetName=NetL1_1 Pin=PSENS-9
Added Pin To Net: NetName=NetL1_1 Pin=PSENS-11
Added Pin To Net: NetName=NetL1_1 Pin=PSENS-13
Added Net: Name=NetL1_1
Added Pin To Net: NetName=NetL3Sel_2 Pin=L3Sel-2
Added Pin To Net: NetName=NetL3Sel_2 Pin=R1-2
Added Net: Name=NetL3Sel_2
Added Pin To Net: NetName=NetL4Sel_1 Pin=L4Sel-1
Added Pin To Net: NetName=NetL4Sel_1 Pin=PIC18F2682-24
Added Pin To Net: NetName=NetL4Sel_1 Pin=PPIC2-5
Added Net: Name=NetL4Sel_1
Added Pin To Net: NetName=NetL4Sel_2 Pin=L4Sel-2
Added Pin To Net: NetName=NetL4Sel_2 Pin=R3-2
Added Net: Name=NetL4Sel_2
Added Pin To Net: NetName=NetL5Sel_1 Pin=L5Sel-1
Added Pin To Net: NetName=NetL5Sel_1 Pin=PIC18F2682-16
Added Pin To Net: NetName=NetL5Sel_1 Pin=PPIC2-13
Added Net: Name=NetL5Sel_1
Added Pin To Net: NetName=NetL5Sel_2 Pin=L5Sel-2
Added Pin To Net: NetName=NetL5Sel_2 Pin=R5-2
Added Net: Name=NetL5Sel_2
Added Pin To Net: NetName=NetPIC18F2682_2 Pin=PIC18F2682-2
Added Pin To Net: NetName=NetPIC18F2682_2 Pin=PPIC1-13
Added Net: Name=NetPIC18F2682_2
Added Pin To Net: NetName=NetPIC18F2682_3 Pin=PIC18F2682-3
Added Pin To Net: NetName=NetPIC18F2682_3 Pin=PPIC1-12
Added Net: Name=NetPIC18F2682_3
Added Pin To Net: NetName=NetPIC18F2682_4 Pin=PIC18F2682-4
Added Pin To Net: NetName=NetPIC18F2682_4 Pin=PPIC1-11
Added Net: Name=NetPIC18F2682_4
Added Pin To Net: NetName=NetPIC18F2682_5 Pin=PIC18F2682-5
Added Pin To Net: NetName=NetPIC18F2682_5 Pin=PPIC1-10
Added Net: Name=NetPIC18F2682_5
Added Pin To Net: NetName=NetPIC18F2682_7 Pin=PIC18F2682-7
Added Pin To Net: NetName=NetPIC18F2682_7 Pin=PPIC1-8
Added Net: Name=NetPIC18F2682_7
Added Pin To Net: NetName=NetPIC18F2682_9 Pin=PIC18F2682-9
Added Pin To Net: NetName=NetPIC18F2682_9 Pin=PPIC1-6
Added Net: Name=NetPIC18F2682_9
Added Pin To Net: NetName=NetPIC18F2682_15 Pin=PIC18F2682-15
Added Pin To Net: NetName=NetPIC18F2682_15 Pin=PPIC2-14
Added Pin To Net: NetName=NetPIC18F2682_15 Pin=R5Sel-1
Added Net: Name=NetPIC18F2682_15
Added Pin To Net: NetName=NetPIC18F2682_17 Pin=PIC18F2682-17
Added Pin To Net: NetName=NetPIC18F2682_17 Pin=PPIC2-12
Added Net: Name=NetPIC18F2682_17
Added Pin To Net: NetName=NetPIC18F2682_18 Pin=PIC18F2682-18
Added Pin To Net: NetName=NetPIC18F2682_18 Pin=PPIC2-11
Added Net: Name=NetPIC18F2682_18
Added Pin To Net: NetName=NetPIC18F2682_21 Pin=PIC18F2682-21
Added Pin To Net: NetName=NetPIC18F2682_21 Pin=PPIC2-8
Added Pin To Net: NetName=NetPIC18F2682_21 Pin=R4Sel-1
Added Net: Name=NetPIC18F2682_21
Added Pin To Net: NetName=NetPIC18F2682_22 Pin=PIC18F2682-22
Added Pin To Net: NetName=NetPIC18F2682_22 Pin=PPIC2-7
Added Net: Name=NetPIC18F2682_22
Added Pin To Net: NetName=NetPIC18F2682_23 Pin=PIC18F2682-23
Added Pin To Net: NetName=NetPIC18F2682_23 Pin=PPIC2-6
Added Net: Name=NetPIC18F2682_23
Added Pin To Net: NetName=NetPIC18F2682_25 Pin=PIC18F2682-25
Added Pin To Net: NetName=NetPIC18F2682_25 Pin=PPIC2-4
Added Net: Name=NetPIC18F2682_25
Added Pin To Net: NetName=NetPIC18F2682_26 Pin=PIC18F2682-26
Added Pin To Net: NetName=NetPIC18F2682_26 Pin=PPIC2-3
Added Net: Name=NetPIC18F2682_26
Added Pin To Net: NetName=NetPLED1_3 Pin=R1-1
Added Net: Name=NetPLED1_3
Added Pin To Net: NetName=NetPLED1_5 Pin=R2-1
Added Net: Name=NetPLED1_5
Added Pin To Net: NetName=NetPLED1_7 Pin=R3-1
Added Net: Name=NetPLED1_7
Added Pin To Net: NetName=NetPLED1_9 Pin=R4-1
Added Net: Name=NetPLED1_9
Added Pin To Net: NetName=NetPLED1_11 Pin=R5-1
Added Net: Name=NetPLED1_11
Added Pin To Net: NetName=NetPLED1_13 Pin=R6-1
Added Net: Name=NetPLED1_13
Added Pin To Net: NetName=NetR2_2 Pin=R2-2
Added Pin To Net: NetName=NetR2_2 Pin=R3Sel-2
Added Net: Name=NetR2_2
Added Pin To Net: NetName=NetR4_2 Pin=R4-2
Added Pin To Net: NetName=NetR4_2 Pin=R4Sel-2
Added Net: Name=NetR4_2
Added Pin To Net: NetName=NetR5Sel_2 Pin=R5Sel-2
Added Pin To Net: NetName=NetR5Sel_2 Pin=R6-2
Added Net: Name=NetR5Sel_2
Added Pin To Net: NetName=VCC Pin=ASel-3
Added Pin To Net: NetName=VCC Pin=BSel-3
Added Pin To Net: NetName=VCC Pin=C1-2
Added Pin To Net: NetName=VCC Pin=C2-1
Added Pin To Net: NetName=VCC Pin=CSel-3
Added Pin To Net: NetName=VCC Pin=DSel-3
Added Pin To Net: NetName=VCC Pin=ESel-3
Added Pin To Net: NetName=VCC Pin=FSel-3
Added Pin To Net: NetName=VCC Pin=GSel-3
Added Pin To Net: NetName=VCC Pin=JI-1
Added Pin To Net: NetName=VCC Pin=L1-2
Added Pin To Net: NetName=VCC Pin=PIC18F2682-20
Added Pin To Net: NetName=VCC Pin=PPIC2-9
Added Net: Name=VCC
Added Class: Name=pcblayout
Added Room: Name=pcblayout
