Change Component Footprint: Designator=AR1 Old Footprint=OPAMP New Footprint=SOIC127P600X175-8N
Change Component Footprint: Designator=AR2 Old Footprint=OPAMP New Footprint=SOIC127P600X175-8N
Change Component Footprint: Designator=AR3 Old Footprint=OPAMP New Footprint=SOIC127P600X175-8N
Change Component Footprint: Designator=AR4 Old Footprint=OPAMP New Footprint=SOIC127P600X175-8N
Added Pin To Net: NetName=DOUT Pin=AR1-1
Added Pin To Net: NetName=NetAR1_2 Pin=AR1-2
Added Pin To Net: NetName=DIN Pin=AR1-3
Added Pin To Net: NetName=GND Pin=AR1-4
Added Pin To Net: NetName=CIN Pin=AR1-5
Added Pin To Net: NetName=NetAR1_6 Pin=AR1-6
Added Pin To Net: NetName=COUT Pin=AR1-7
Added Pin To Net: NetName=VCC Pin=AR1-8
Added Pin To Net: NetName=FOUT Pin=AR2-1
Added Pin To Net: NetName=NetAR2_2 Pin=AR2-2
Added Pin To Net: NetName=FIN Pin=AR2-3
Added Pin To Net: NetName=GND Pin=AR2-4
Added Pin To Net: NetName=EIN Pin=AR2-5
Added Pin To Net: NetName=NetAR2_6 Pin=AR2-6
Added Pin To Net: NetName=EOUT Pin=AR2-7
Added Pin To Net: NetName=VCC Pin=AR2-8
Added Pin To Net: NetName=BOUT Pin=AR3-1
Added Pin To Net: NetName=NetAR3_2 Pin=AR3-2
Added Pin To Net: NetName=AIN Pin=AR3-3
Added Pin To Net: NetName=GND Pin=AR3-4
Added Pin To Net: NetName=BIN Pin=AR3-5
Added Pin To Net: NetName=NetAR3_6 Pin=AR3-6
Added Pin To Net: NetName=AOUT Pin=AR3-7
Added Pin To Net: NetName=VCC Pin=AR3-8
Added Pin To Net: NetName=GOUT Pin=AR4-1
Added Pin To Net: NetName=NetAR4_2 Pin=AR4-2
Added Pin To Net: NetName=GIN Pin=AR4-3
Added Pin To Net: NetName=GND Pin=AR4-4
Added Pin To Net: NetName=VCC Pin=AR4-8
