Change Component Footprint: Designator=PIC18F2682 Old Footprint=PDIP300-28 New Footprint=DIP28
Added Component: Designator=L?(INDC2012M)
Added Component: Designator=P?(HDR2X7)
Added Pin To Net: NetName=VCC Pin=L?-2
Added Pin To Net: NetName=GND Pin=P?-2
Added Pin To Net: NetName=GND Pin=P?-4
Added Pin To Net: NetName=GND Pin=P?-6
Added Pin To Net: NetName=GND Pin=P?-8
Added Pin To Net: NetName=GND Pin=P?-10
Added Pin To Net: NetName=GND Pin=P?-12
Added Pin To Net: NetName=GND Pin=P?-14
Added Pin To Net: NetName=NetJI_2 Pin=PIC18F2682-1
Added Pin To Net: NetName=NetCSel_1 Pin=PIC18F2682-6
Added Pin To Net: NetName=GND Pin=PIC18F2682-8
Added Pin To Net: NetName=NetDSel_1 Pin=PIC18F2682-10
Added Pin To Net: NetName=NetESel_1 Pin=PIC18F2682-11
Added Pin To Net: NetName=NetFSel_1 Pin=PIC18F2682-12
Added Pin To Net: NetName=NetASel_1 Pin=PIC18F2682-13
Added Pin To Net: NetName=NetBSel_1 Pin=PIC18F2682-14
Added Pin To Net: NetName=GND Pin=PIC18F2682-19
Added Pin To Net: NetName=VCC Pin=PIC18F2682-20
Added Pin To Net: NetName=NetL4Sel_1 Pin=PIC18F2682-24
Added Pin To Net: NetName=NetJI_4 Pin=PIC18F2682-27
Added Pin To Net: NetName=NetGSel_1 Pin=PIC18F2682-28
Added Pin To Net: NetName=VCC Pin=PJ-1
Added Pin To Net: NetName=GND Pin=PJ-2
Added Pin To Net: NetName=GND Pin=PJ-3
Added Pin To Net: NetName=NetCSel_2 Pin=PLED1-4
Added Pin To Net: NetName=NetCSel_2 Pin=PLED1-6
Added Pin To Net: NetName=NetCSel_2 Pin=PLED1-8
Added Pin To Net: NetName=NetCSel_2 Pin=PLED1-10
Added Pin To Net: NetName=NetCSel_2 Pin=PLED1-12
Added Pin To Net: NetName=NetCSel_2 Pin=PLED1-14
Added Pin To Net: NetName=NetDSel_2 Pin=PLED1-16
Added Pin To Net: NetName=NetDSel_2 Pin=PLED1-18
Added Pin To Net: NetName=NetDSel_2 Pin=PLED1-20
Added Pin To Net: NetName=NetDSel_2 Pin=PLED1-22
Added Pin To Net: NetName=NetDSel_2 Pin=PLED1-24
Added Pin To Net: NetName=NetDSel_2 Pin=PLED1-26
Added Pin To Net: NetName=NetESel_2 Pin=PLED1-28
Added Pin To Net: NetName=NetESel_2 Pin=PLED1-30
Added Pin To Net: NetName=NetESel_2 Pin=PLED1-32
Added Pin To Net: NetName=NetESel_2 Pin=PLED1-34
Added Pin To Net: NetName=NetESel_2 Pin=PLED1-36
Added Pin To Net: NetName=NetESel_2 Pin=PLED1-38
Added Pin To Net: NetName=NetFSel_2 Pin=PLED1-40
Added Pin To Net: NetName=NetFSel_2 Pin=PLED1-42
Added Pin To Net: NetName=NetFSel_2 Pin=PLED1-44
Added Pin To Net: NetName=NetFSel_2 Pin=PLED1-46
Added Pin To Net: NetName=NetFSel_2 Pin=PLED1-48
Added Pin To Net: NetName=NetFSel_2 Pin=PLED1-50
Added Pin To Net: NetName=NetGSel_2 Pin=PLED2SENP-2
Added Pin To Net: NetName=NetGSel_2 Pin=PLED2SENP-4
Added Pin To Net: NetName=NetGSel_2 Pin=PLED2SENP-6
Added Pin To Net: NetName=NetGSel_2 Pin=PLED2SENP-8
Added Pin To Net: NetName=NetGSel_2 Pin=PLED2SENP-10
Added Pin To Net: NetName=NetGSel_2 Pin=PLED2SENP-12
Added Pin To Net: NetName=NetASel_2 Pin=PLED2SENP-14
Added Pin To Net: NetName=NetASel_2 Pin=PLED2SENP-16
Added Pin To Net: NetName=NetASel_2 Pin=PLED2SENP-18
Added Pin To Net: NetName=NetASel_2 Pin=PLED2SENP-20
Added Pin To Net: NetName=NetASel_2 Pin=PLED2SENP-22
Added Pin To Net: NetName=NetASel_2 Pin=PLED2SENP-24
Added Pin To Net: NetName=NetBSel_2 Pin=PLED2SENP-26
Added Pin To Net: NetName=NetBSel_2 Pin=PLED2SENP-28
Added Pin To Net: NetName=NetBSel_2 Pin=PLED2SENP-30
Added Pin To Net: NetName=NetBSel_2 Pin=PLED2SENP-32
Added Pin To Net: NetName=NetBSel_2 Pin=PLED2SENP-34
Added Pin To Net: NetName=NetBSel_2 Pin=PLED2SENP-36
Added Pin To Net: NetName=NetL?_1 Pin=L?-1
Added Pin To Net: NetName=NetL?_1 Pin=P?-1
Added Pin To Net: NetName=NetL?_1 Pin=P?-3
Added Pin To Net: NetName=NetL?_1 Pin=P?-5
Added Pin To Net: NetName=NetL?_1 Pin=P?-7
Added Pin To Net: NetName=NetL?_1 Pin=P?-9
Added Pin To Net: NetName=NetL?_1 Pin=P?-11
Added Pin To Net: NetName=NetL?_1 Pin=P?-13
Added Net: Name=NetL?_1
Added Pin To Net: NetName=NetPIC18F2682_2 Pin=PIC18F2682-2
Added Pin To Net: NetName=NetPIC18F2682_2 Pin=PPIC1-13
Added Net: Name=NetPIC18F2682_2
Added Pin To Net: NetName=NetPIC18F2682_3 Pin=PIC18F2682-3
Added Pin To Net: NetName=NetPIC18F2682_3 Pin=PPIC1-12
Added Net: Name=NetPIC18F2682_3
Added Pin To Net: NetName=NetPIC18F2682_4 Pin=PIC18F2682-4
Added Pin To Net: NetName=NetPIC18F2682_4 Pin=PPIC1-11
Added Net: Name=NetPIC18F2682_4
Added Pin To Net: NetName=NetPIC18F2682_5 Pin=PIC18F2682-5
Added Pin To Net: NetName=NetPIC18F2682_5 Pin=PPIC1-10
Added Net: Name=NetPIC18F2682_5
Added Pin To Net: NetName=NetPIC18F2682_7 Pin=PIC18F2682-7
Added Pin To Net: NetName=NetPIC18F2682_7 Pin=PPIC1-8
Added Net: Name=NetPIC18F2682_7
Added Pin To Net: NetName=NetPIC18F2682_9 Pin=PIC18F2682-9
Added Pin To Net: NetName=NetPIC18F2682_9 Pin=PPIC1-6
Added Net: Name=NetPIC18F2682_9
Added Pin To Net: NetName=NetPIC18F2682_15 Pin=PIC18F2682-15
Added Pin To Net: NetName=NetPIC18F2682_15 Pin=PPIC2-14
Added Pin To Net: NetName=NetPIC18F2682_15 Pin=R5Sel-1
Added Net: Name=NetPIC18F2682_15
Added Pin To Net: NetName=NetPIC18F2682_16 Pin=PIC18F2682-16
Added Pin To Net: NetName=NetPIC18F2682_16 Pin=PPIC2-13
Added Net: Name=NetPIC18F2682_16
Added Pin To Net: NetName=NetPIC18F2682_17 Pin=PIC18F2682-17
Added Pin To Net: NetName=NetPIC18F2682_17 Pin=PPIC2-12
Added Net: Name=NetPIC18F2682_17
Added Pin To Net: NetName=NetPIC18F2682_18 Pin=PIC18F2682-18
Added Pin To Net: NetName=NetPIC18F2682_18 Pin=PPIC2-11
Added Net: Name=NetPIC18F2682_18
Added Pin To Net: NetName=NetPIC18F2682_21 Pin=PIC18F2682-21
Added Pin To Net: NetName=NetPIC18F2682_21 Pin=PPIC2-8
Added Pin To Net: NetName=NetPIC18F2682_21 Pin=R4Sel-1
Added Net: Name=NetPIC18F2682_21
Added Pin To Net: NetName=NetPIC18F2682_22 Pin=PIC18F2682-22
Added Pin To Net: NetName=NetPIC18F2682_22 Pin=PPIC2-7
Added Net: Name=NetPIC18F2682_22
Added Pin To Net: NetName=NetPIC18F2682_23 Pin=PIC18F2682-23
Added Pin To Net: NetName=NetPIC18F2682_23 Pin=PPIC2-6
Added Net: Name=NetPIC18F2682_23
Added Pin To Net: NetName=NetPIC18F2682_25 Pin=PIC18F2682-25
Added Pin To Net: NetName=NetPIC18F2682_25 Pin=PPIC2-4
Added Net: Name=NetPIC18F2682_25
Added Pin To Net: NetName=NetPIC18F2682_26 Pin=PIC18F2682-26
Added Pin To Net: NetName=NetPIC18F2682_26 Pin=PPIC2-3
Added Net: Name=NetPIC18F2682_26
Added Pin To Net: NetName=NetPLED1_3 Pin=PLED1-3
Added Pin To Net: NetName=NetPLED1_3 Pin=PLED1-15
Added Pin To Net: NetName=NetPLED1_3 Pin=PLED1-27
Added Pin To Net: NetName=NetPLED1_3 Pin=PLED1-39
Added Pin To Net: NetName=NetPLED1_3 Pin=PLED2SENP-1
Added Pin To Net: NetName=NetPLED1_3 Pin=PLED2SENP-13
Added Pin To Net: NetName=NetPLED1_3 Pin=PLED2SENP-25
Added Pin To Net: NetName=NetPLED1_3 Pin=R1-1
Added Net: Name=NetPLED1_3
Added Pin To Net: NetName=NetPLED1_5 Pin=PLED1-5
Added Pin To Net: NetName=NetPLED1_5 Pin=PLED1-17
Added Pin To Net: NetName=NetPLED1_5 Pin=PLED1-29
Added Pin To Net: NetName=NetPLED1_5 Pin=PLED1-41
Added Pin To Net: NetName=NetPLED1_5 Pin=PLED2SENP-3
Added Pin To Net: NetName=NetPLED1_5 Pin=PLED2SENP-15
Added Pin To Net: NetName=NetPLED1_5 Pin=PLED2SENP-27
Added Pin To Net: NetName=NetPLED1_5 Pin=R2-1
Added Net: Name=NetPLED1_5
Added Pin To Net: NetName=NetPLED1_7 Pin=PLED1-7
Added Pin To Net: NetName=NetPLED1_7 Pin=PLED1-19
Added Pin To Net: NetName=NetPLED1_7 Pin=PLED1-31
Added Pin To Net: NetName=NetPLED1_7 Pin=PLED1-43
Added Pin To Net: NetName=NetPLED1_7 Pin=PLED2SENP-5
Added Pin To Net: NetName=NetPLED1_7 Pin=PLED2SENP-17
Added Pin To Net: NetName=NetPLED1_7 Pin=PLED2SENP-29
Added Pin To Net: NetName=NetPLED1_7 Pin=R3-1
Added Net: Name=NetPLED1_7
Added Pin To Net: NetName=NetPLED1_9 Pin=PLED1-9
Added Pin To Net: NetName=NetPLED1_9 Pin=PLED1-21
Added Pin To Net: NetName=NetPLED1_9 Pin=PLED1-33
Added Pin To Net: NetName=NetPLED1_9 Pin=PLED1-45
Added Pin To Net: NetName=NetPLED1_9 Pin=PLED2SENP-7
Added Pin To Net: NetName=NetPLED1_9 Pin=PLED2SENP-19
Added Pin To Net: NetName=NetPLED1_9 Pin=PLED2SENP-31
Added Pin To Net: NetName=NetPLED1_9 Pin=R4-1
Added Net: Name=NetPLED1_9
Added Pin To Net: NetName=NetPLED1_11 Pin=PLED1-11
Added Pin To Net: NetName=NetPLED1_11 Pin=PLED1-23
Added Pin To Net: NetName=NetPLED1_11 Pin=PLED1-35
Added Pin To Net: NetName=NetPLED1_11 Pin=PLED1-47
Added Pin To Net: NetName=NetPLED1_11 Pin=PLED2SENP-9
Added Pin To Net: NetName=NetPLED1_11 Pin=PLED2SENP-21
Added Pin To Net: NetName=NetPLED1_11 Pin=PLED2SENP-33
Added Pin To Net: NetName=NetPLED1_11 Pin=R5-1
Added Net: Name=NetPLED1_11
Added Pin To Net: NetName=NetPLED1_13 Pin=PLED1-13
Added Pin To Net: NetName=NetPLED1_13 Pin=PLED1-25
Added Pin To Net: NetName=NetPLED1_13 Pin=PLED1-37
Added Pin To Net: NetName=NetPLED1_13 Pin=PLED1-49
Added Pin To Net: NetName=NetPLED1_13 Pin=PLED2SENP-11
Added Pin To Net: NetName=NetPLED1_13 Pin=PLED2SENP-23
Added Pin To Net: NetName=NetPLED1_13 Pin=PLED2SENP-35
Added Pin To Net: NetName=NetPLED1_13 Pin=R6-1
Added Net: Name=NetPLED1_13
Added Member To Class: ClassName=pcblayout Member=Component L? Inductor
Added Member To Class: ClassName=pcblayout Member=Component P? Header 7X2
