Added Component: Designator=ASel(SOT23-3M)
Added Component: Designator=BSel(SOT23-3M)
Added Component: Designator=C2(TC3216-1206)
Added Component: Designator=C?(CAPC2012M)
Added Component: Designator=CSel(SOT23-3M)
Added Component: Designator=DSel(SOT23-3M)
Added Component: Designator=ESel(SOT23-3M)
Added Component: Designator=FSel(SOT23-3M)
Added Component: Designator=GSel(SOT23-3M)
Added Component: Designator=JI(HDR1X5)
Added Component: Designator=L3Sel(SOT23-3M)
Added Component: Designator=L4Sel(SOT23-3M)
Added Component: Designator=L5Sel(SOT23-3M)
Added Component: Designator=PIC18F2682(PDIP300-28)
Added Component: Designator=PLED1(HDR2X25)
Added Component: Designator=PLED2SENP(HDR2X25)
Added Component: Designator=PPIC1(HDR1X14)
Added Component: Designator=PPIC2(HDR1X14)
Added Component: Designator=R1(RESC2012M)
Added Component: Designator=R2(RESC2012M)
Added Component: Designator=R3Sel(SOT23-3M)
Added Component: Designator=R3(RESC2012M)
Added Component: Designator=R4Sel(SOT23-3M)
Added Component: Designator=R4(RESC2012M)
Added Component: Designator=R5Sel(SOT23-3M)
Added Component: Designator=R5(RESC2012M)
Added Component: Designator=R6(RESC2012M)
Added Pin To Net: NetName=NetASel_1 Pin=ASel-1
Added Pin To Net: NetName=NetASel_2 Pin=ASel-2
Added Pin To Net: NetName=VCC Pin=ASel-3
Added Pin To Net: NetName=NetBSel_1 Pin=BSel-1
Added Pin To Net: NetName=NetBSel_2 Pin=BSel-2
Added Pin To Net: NetName=VCC Pin=BSel-3
Added Pin To Net: NetName=VCC Pin=C2-1
Added Pin To Net: NetName=GND Pin=C2-2
Added Pin To Net: NetName=GND Pin=C?-1
Added Pin To Net: NetName=VCC Pin=C?-2
Added Pin To Net: NetName=NetCSel_1 Pin=CSel-1
Added Pin To Net: NetName=NetCSel_2 Pin=CSel-2
Added Pin To Net: NetName=VCC Pin=CSel-3
Added Pin To Net: NetName=NetDSel_1 Pin=DSel-1
Added Pin To Net: NetName=NetDSel_2 Pin=DSel-2
Added Pin To Net: NetName=VCC Pin=DSel-3
Added Pin To Net: NetName=NetESel_1 Pin=ESel-1
Added Pin To Net: NetName=NetESel_2 Pin=ESel-2
Added Pin To Net: NetName=VCC Pin=ESel-3
Added Pin To Net: NetName=NetFSel_1 Pin=FSel-1
Added Pin To Net: NetName=NetFSel_2 Pin=FSel-2
Added Pin To Net: NetName=VCC Pin=FSel-3
Added Pin To Net: NetName=NetGSel_1 Pin=GSel-1
Added Pin To Net: NetName=NetGSel_2 Pin=GSel-2
Added Pin To Net: NetName=VCC Pin=GSel-3
Added Pin To Net: NetName=VCC Pin=JI-1
Added Pin To Net: NetName=NetJI_2 Pin=JI-2
Added Pin To Net: NetName=NetGSel_1 Pin=JI-3
Added Pin To Net: NetName=NetJI_4 Pin=JI-4
Added Pin To Net: NetName=GND Pin=JI-5
Added Pin To Net: NetName=NetL3Sel_2 Pin=L3Sel-2
Added Pin To Net: NetName=GND Pin=L3Sel-3
Added Pin To Net: NetName=NetL4Sel_1 Pin=L4Sel-1
Added Pin To Net: NetName=NetL4Sel_2 Pin=L4Sel-2
Added Pin To Net: NetName=GND Pin=L4Sel-3
Added Pin To Net: NetName=NetL5Sel_2 Pin=L5Sel-2
Added Pin To Net: NetName=GND Pin=L5Sel-3
Added Pin To Net: NetName=NetBSel_1 Pin=PPIC1-1
Added Pin To Net: NetName=NetASel_1 Pin=PPIC1-2
Added Pin To Net: NetName=NetFSel_1 Pin=PPIC1-3
Added Pin To Net: NetName=NetESel_1 Pin=PPIC1-4
Added Pin To Net: NetName=NetDSel_1 Pin=PPIC1-5
Added Pin To Net: NetName=NetPIC18F2682_OSC1/CLKI/RA7 Pin=PPIC1-6
Added Pin To Net: NetName=GND Pin=PPIC1-7
Added Pin To Net: NetName=NetPIC18F2682_RA5/AN4/SS/HLVDIN Pin=PPIC1-8
Added Pin To Net: NetName=NetCSel_1 Pin=PPIC1-9
Added Pin To Net: NetName=NetPIC18F2682_RA3/AN3/Vref+ Pin=PPIC1-10
Added Pin To Net: NetName=NetPIC18F2682_RA2/AN2/Vref- Pin=PPIC1-11
Added Pin To Net: NetName=NetPIC18F2682_RA1/AN1 Pin=PPIC1-12
Added Pin To Net: NetName=NetPIC18F2682_RA0/AN0 Pin=PPIC1-13
Added Pin To Net: NetName=NetJI_2 Pin=PPIC1-14
Added Pin To Net: NetName=NetGSel_1 Pin=PPIC2-1
Added Pin To Net: NetName=NetJI_4 Pin=PPIC2-2
Added Pin To Net: NetName=NetPIC18F2682_RB5/KBI1/PGM Pin=PPIC2-3
Added Pin To Net: NetName=NetPIC18F2682_RB4/KBIO/AN9 Pin=PPIC2-4
Added Pin To Net: NetName=NetL4Sel_1 Pin=PPIC2-5
Added Pin To Net: NetName=NetPIC18F2682_RB2/INT2/CANTX Pin=PPIC2-6
Added Pin To Net: NetName=NetPIC18F2682_RB1/INT1/AN8 Pin=PPIC2-7
Added Pin To Net: NetName=NetPIC18F2682_RB0/INT0/AN10 Pin=PPIC2-8
Added Pin To Net: NetName=VCC Pin=PPIC2-9
Added Pin To Net: NetName=GND Pin=PPIC2-10
Added Pin To Net: NetName=NetPIC18F2682_RC7/RX/DT Pin=PPIC2-11
Added Pin To Net: NetName=NetPIC18F2682_RC6/TX/CK Pin=PPIC2-12
Added Pin To Net: NetName=NetPIC18F2682_RC5/SDO Pin=PPIC2-13
Added Pin To Net: NetName=NetPIC18F2682_RC4/SDI/SDA Pin=PPIC2-14
Added Pin To Net: NetName=NetPLED1_C3LG Pin=R1-1
Added Pin To Net: NetName=NetL3Sel_2 Pin=R1-2
Added Pin To Net: NetName=NetPLED1_C3RG Pin=R2-1
Added Pin To Net: NetName=NetR2_2 Pin=R2-2
Added Pin To Net: NetName=NetPLED1_C4LG Pin=R3-1
Added Pin To Net: NetName=NetL4Sel_2 Pin=R3-2
Added Pin To Net: NetName=NetJI_4 Pin=R3Sel-1
Added Pin To Net: NetName=NetR2_2 Pin=R3Sel-2
Added Pin To Net: NetName=GND Pin=R3Sel-3
Added Pin To Net: NetName=NetPLED1_C4RG Pin=R4-1
Added Pin To Net: NetName=NetR4_2 Pin=R4-2
Added Pin To Net: NetName=NetPIC18F2682_RB0/INT0/AN10 Pin=R4Sel-1
Added Pin To Net: NetName=NetR4_2 Pin=R4Sel-2
Added Pin To Net: NetName=GND Pin=R4Sel-3
Added Pin To Net: NetName=NetPLED1_C5LG Pin=R5-1
Added Pin To Net: NetName=NetL5Sel_2 Pin=R5-2
Added Pin To Net: NetName=NetPIC18F2682_RC4/SDI/SDA Pin=R5Sel-1
Added Pin To Net: NetName=NetR5Sel_2 Pin=R5Sel-2
Added Pin To Net: NetName=GND Pin=R5Sel-3
Added Pin To Net: NetName=NetPLED1_C5RG Pin=R6-1
Added Pin To Net: NetName=NetR5Sel_2 Pin=R6-2
Added Member To Class: ClassName=pcblayout Member=Component ASel FDN306P, A
Added Member To Class: ClassName=pcblayout Member=Component BSel FDN306P, B
Added Member To Class: ClassName=pcblayout Member=Component C2 Cap Pol1
Added Member To Class: ClassName=pcblayout Member=Component C? Cap
Added Member To Class: ClassName=pcblayout Member=Component CSel FDN306P, C
Added Member To Class: ClassName=pcblayout Member=Component DSel FDN306P, D
Added Member To Class: ClassName=pcblayout Member=Component ESel FDN306P, E
Added Member To Class: ClassName=pcblayout Member=Component FSel FDN306P, F
Added Member To Class: ClassName=pcblayout Member=Component GSel FDN306P, G
Added Member To Class: ClassName=pcblayout Member=Component JI Programming Header
Added Member To Class: ClassName=pcblayout Member=Component L3Sel FDN339AN, 3L
Added Member To Class: ClassName=pcblayout Member=Component L4Sel FDN339AN, 4R
Added Member To Class: ClassName=pcblayout Member=Component L5Sel FDN339AN, 5R
Added Member To Class: ClassName=pcblayout Member=Component PIC18F2682
Added Member To Class: ClassName=pcblayout Member=Component PLED1 50x2 Pin Header, PLED1
Added Member To Class: ClassName=pcblayout Member=Component PLED2SENP 50x2 Pin Header, PLED2SENP
Added Member To Class: ClassName=pcblayout Member=Component PPIC1 Header 14
Added Member To Class: ClassName=pcblayout Member=Component PPIC2 Header 14
Added Member To Class: ClassName=pcblayout Member=Component R1
Added Member To Class: ClassName=pcblayout Member=Component R2
Added Member To Class: ClassName=pcblayout Member=Component R3Sel FDN339AN, 3R
Added Member To Class: ClassName=pcblayout Member=Component R3
Added Member To Class: ClassName=pcblayout Member=Component R4Sel FDN339AN, 4L
Added Member To Class: ClassName=pcblayout Member=Component R4
Added Member To Class: ClassName=pcblayout Member=Component R5Sel FDN339AN, 5L
Added Member To Class: ClassName=pcblayout Member=Component R5
Added Member To Class: ClassName=pcblayout Member=Component R6
Added Room: Name=pcblayout
